C:\msys64\usr\bin\make.exe all -f C:\Users\ImBaby\Documents\Clock_Project\Makefile --print-data-base --no-builtin-variables --no-builtin-rules --question
make: *** No rule to make target 'all'.  Stop.

# GNU Make 4.4.1
# Built for x86_64-pc-msys
# Copyright (C) 1988-2023 Free Software Foundation, Inc.
# License GPLv3+: GNU GPL version 3 or later <https://gnu.org/licenses/gpl.html>
# This is free software: you are free to change and redistribute it.
# There is NO WARRANTY, to the extent permitted by law.
 

# Make data base, printed on Wed Mar 13 22:23:03 2024

# Variables

# environment
FPS_BROWSER_APP_PROFILE_STRING = Internet Explorer
# environment
SYSTEMDRIVE = C:
# environment
JAVA_HOME = C:\Program Files\Java\jdk-21
# environment
LC_ALL = C
 
# environment
USERPROFILE = C:\Users\ImBaby
# environment
VBOX_MSI_INSTALL_PATH = C:\Program Files\Oracle\VirtualBox\
# environment
LOCALAPPDATA = C:\Users\ImBaby\AppData\Local
# environment
VSCODE_CRASH_REPORTER_PROCESS_TYPE = extensionHost
# environment
VSCODE_CWD = C:\Users\ImBaby\AppData\Local\Programs\Microsoft VS Code
# environment
SYSTEMROOT = C:\WINDOWS
# environment
PROCESSOR_LEVEL = 25
# environment
PSMODULEPATH = C:\Program Files\WindowsPowerShell\Modules;C:\WINDOWS\system32\WindowsPowerShell\v1.0\Modules
# default
MAKE_COMMAND := /usr/bin/make
# automatic
@D = $(patsubst %/,%,$(dir $@))
# environment
CHROME_CRASHPAD_PIPE_NAME = \\.\pipe\crashpad_29880_BPKIWWQORDAVONRJ
# environment
FPS_BROWSER_USER_PROFILE_STRING = Default
# environment
VSCODE_HANDLES_UNCAUGHT_ERRORS = true
# default
.VARIABLES := 
# automatic
%D = $(patsubst %/,%,$(dir $%))
# automatic
^D = $(patsubst %/,%,$(dir $^))
# automatic
%F = $(notdir $%)
# environment
VSCODE_CODE_CACHE_PATH = C:\Users\ImBaby\AppData\Roaming\Code\CachedData\863d2581ecda6849923a2118d93a088b0745d9d6
# environment
LANG = C
# default
.LOADED := 
# environment
TMP = /c/Users/ImBaby/AppData/Local/Temp
# default
.INCLUDE_DIRS := /usr/include
# makefile
MAKEFLAGS = pqrR
# environment
ONEDRIVE = C:\Users\ImBaby\OneDrive
# makefile
CURDIR := /c/Users/ImBaby/Documents/Clock_Project
# environment
APPLICATION_INSIGHTS_NO_DIAGNOSTIC_CHANNEL = 1
# environment
VSCODE_L10N_BUNDLE_LOCATION = 
# automatic
*D = $(patsubst %/,%,$(dir $*))
# environment
PROGRAMFILES = C:\Program Files
# environment
MFLAGS = -pqrR
# default
.SHELLFLAGS := -c
# environment
!C: = c:\Users\ImBaby\Documents\Clock_Project
# environment
COMMONPROGRAMW6432 = C:\Program Files\Common Files
# automatic
+D = $(patsubst %/,%,$(dir $+))
# makefile (from 'C:\Users\ImBaby\Documents\Clock_Project\Makefile', line 1)
MAKEFILE_LIST := C:\Users\ImBaby\Documents\Clock_Project\Makefile
# automatic
@F = $(notdir $@)
# environment
VSCODE_PID = 29880
# automatic
?D = $(patsubst %/,%,$(dir $?))
# automatic
*F = $(notdir $*)
# automatic
<D = $(patsubst %/,%,$(dir $<))
# environment
VSCODE_NLS_CONFIG = {"locale":"en-us","osLocale":"en-us","availableLanguages":{},"_languagePackSupport":true}
# default
MAKE_HOST := x86_64-pc-msys
# environment
PROGRAMDATA = C:\ProgramData
# default
SHELL := /bin/sh
# environment
HOMEPATH = \Users\ImBaby
# default
MAKECMDGOALS := all
# environment
DRIVERDATA = C:\Windows\System32\Drivers\DriverData
# environment
COMSPEC = C:\WINDOWS\system32\cmd.exe
# environment
WINDIR = C:\WINDOWS
# environment
MAKELEVEL := 0
# default
MAKE = $(MAKE_COMMAND)
# environment
PATH = /d/Gamerette/dbhomeXE/bin:/c/Program Files/Common Files/Oracle/Java/javapath:/c/Program Files/Python38/Scripts:/c/Program Files/Python38:/c/Windows/system32:/c/Windows:/c/Windows/System32/Wbem:/c/Windows/System32/WindowsPowerShell/v1.0:/c/Windows/System32/OpenSSH:/c/Program Files/NVIDIA Corporation/NVIDIA NvDLISR:/c/Program Files (x86)/NVIDIA Corporation/PhysX/Common:/c/Program Files/Calibre2:/c/Program Files/Microsoft SQL Server/130/Tools/Binn:/c/Program Files/Git/cmd:/c/Program Files (x86)/Windows Kits/10/Windows Performance Toolkit:/c/Users/ImBaby/AppData/Roaming/Python/Python38/Scripts:/c/Program Files/MySQL/MySQL Shell 8.0/bin:/ucrt64/bin:/c/Users/ImBaby/AppData/Local/Programs/Python/Python39/Scripts:/c/Users/ImBaby/AppData/Local/Programs/Python/Python39:/c/Users/ImBaby/AppData/Local/Microsoft/WindowsApps:/g/PyCharm 2022.3/bin:/c/Users/ImBaby/AppData/Local/Programs/Microsoft VS Code/bin:/c/Program Files/JetBrains/IntelliJ IDEA 2023.3.3/bin
# environment
COMPUTERNAME = DESKTOP-42F7PDN
# default
MAKEFILES := 
# automatic
^F = $(notdir $^)
# environment
PYCHARM = G:\PyCharm 2022.3\bin;
# environment
PROMPT = $P$G
# environment
INTELLIJ IDEA = C:\Program Files\JetBrains\IntelliJ IDEA 2023.3.3\bin;
# environment
LOGONSERVER = \\DESKTOP-42F7PDN
# environment
USERNAME = ImBaby
# environment
COMMONPROGRAMFILES = C:\Program Files\Common Files
# automatic
?F = $(notdir $?)
# environment
PROGRAMW6432 = C:\Program Files
# environment
PATHEXT = .COM;.EXE;.BAT;.CMD;.VBS;.VBE;.JS;.JSE;.WSF;.WSH;.MSC;.PY;.PYW
# automatic
+F = $(notdir $+)
# environment
ORIGINAL_XDG_CURRENT_DESKTOP = undefined
# environment
USERDOMAIN = DESKTOP-42F7PDN
# 'override' directive
GNUMAKEFLAGS := 
# environment
OS = Windows_NT
# environment
AMDRMSDKPATH = C:\Program Files\AMD\RyzenMasterSDK\
# makefile
.DEFAULT_GOAL := clock_app
# default
MAKE_VERSION := 4.4.1
# environment
PROGRAMFILES(X86) = C:\Program Files (x86)
# environment
USERDOMAIN_ROAMINGPROFILE = DESKTOP-42F7PDN
# environment
NUMBER_OF_PROCESSORS = 12
# environment
PUBLIC = C:\Users\Public
# environment
APPDATA = C:\Users\ImBaby\AppData\Roaming
# makefile (from 'C:\Users\ImBaby\Documents\Clock_Project\Makefile', line 4)
CFLAGS = -std=c++11 -Wall -Werror
# environment
HOMEDRIVE = C:
# environment
UCRT64 = C:\msys64\mingw64\bin
# environment
PROCESSOR_ARCHITECTURE = AMD64
# environment
VSCODE_AMD_ENTRYPOINT = vs/workbench/api/node/extensionHostProcess
# environment
HOME = /home/ImBaby
# environment
COMMONPROGRAMFILES(X86) = C:\Program Files (x86)\Common Files
# environment
ELECTRON_RUN_AS_NODE = 1
# environment
TEMP = /c/Users/ImBaby/AppData/Local/Temp
# environment
VSCODE_IPC_HOOK = \\.\pipe\4f19e5c9-1.87.2-main-sock
# environment
TERM = xterm-256color
# default
.RECIPEPREFIX := 
# automatic
<F = $(notdir $<)
# default
SUFFIXES := 
# environment
ALLUSERSPROFILE = C:\ProgramData
# makefile (from 'C:\Users\ImBaby\Documents\Clock_Project\Makefile', line 7)
TARGET = clock_app
# environment
SESSIONNAME = Console
# default
.FEATURES := target-specific order-only second-expansion else-if shortest-stem undefine oneshell nocomment grouped-target extra-prereqs notintermediate shell-export archives jobserver output-sync check-symlink load dospaths
# environment
PROCESSOR_REVISION = 2102
# makefile (from 'C:\Users\ImBaby\Documents\Clock_Project\Makefile', line 2)
CC = g++
# makefile (from 'C:\Users\ImBaby\Documents\Clock_Project\Makefile', line 9)
SOURCES = main.cpp Clock.cpp
# environment
PROCESSOR_IDENTIFIER = AMD64 Family 25 Model 33 Stepping 2, AuthenticAMD
# variable set hash-table stats:
# Load=103/1024=10%, Rehash=0, Collisions=13/131=10%

# Pattern-specific Variable Values

# No pattern-specific variable values.

# Directories


# No files, no impossibilities in 0 directories.

# Implicit Rules

# No implicit rules.

# Files
 

# Not a target:
Clock.cpp:
#  Implicit rule search has not been done.
#  Modification time never checked.
#  File has not been updated.

# Not a target:
.DEFAULT:
#  Implicit rule search has not been done.
#  Modification time never checked.
#  File has not been updated.

# Not a target:
all:
#  Command line target.
#  Implicit rule search has been done.
#  File does not exist.
#  File has not been updated.

# Not a target:
main.cpp:
#  Implicit rule search has not been done.
#  Modification time never checked.
#  File has not been updated.

# Not a target:
C:\Users\ImBaby\Documents\Clock_Project\Makefile:
#  Implicit rule search has been done.
#  File is secondary (prerequisite of .SECONDARY).
#  Last modified 2024-03-13 22:22:53.1268549
#  File has been updated.
#  Successfully updated.

clock_app: main.cpp Clock.cpp
#  Implicit rule search has not been done.
#  Modification time never checked.
#  File has not been updated.
#  recipe to execute (from 'C:\Users\ImBaby\Documents\Clock_Project\Makefile', line 12):
	$(CC) $(CFLAGS) -o $(TARGET) $(SOURCES)

# files hash-table stats:
# Load=7/1024=1%, Rehash=0, Collisions=0/20=0%
# VPATH Search Paths

# No 'vpath' search paths.

# No general ('VPATH' variable) search path.

# strcache buffers: 1 (0) / strings = 8 / storage = 114 B / avg = 14 B
# current buf: size = 8162 B / used = 114 B / count = 8 / avg = 14 B

# strcache performance: lookups = 11 / hit rate = 27%
# hash-table stats:
# Load=8/8192=0%, Rehash=0, Collisions=0/11=0%
# Finished Make data base on Wed Mar 13 22:23:03 2024

 
